c:\users\liu willy\desktop\hw3_408420010_408420074\hw3_408420010_408420074\debug\vc141.pdb
c:\users\liu willy\desktop\hw3_408420010_408420074\hw3_408420010_408420074\debug\vc141.idb
c:\users\liu willy\desktop\hw3_408420010_408420074\hw3_408420010_408420074\debug\hw3_408420010_408420074view.obj
c:\users\liu willy\desktop\hw3_408420010_408420074\hw3_408420010_408420074\debug\hw3_408420010_408420074doc.obj
c:\users\liu willy\desktop\hw3_408420010_408420074\hw3_408420010_408420074\debug\hw3_408420010_408420074.obj
c:\users\liu willy\desktop\hw3_408420010_408420074\hw3_408420010_408420074\debug\hw3_408420010_408420074.pch
c:\users\liu willy\desktop\hw3_408420010_408420074\hw3_408420010_408420074\debug\pch.obj
c:\users\liu willy\desktop\hw3_408420010_408420074\hw3_408420010_408420074\debug\mainfrm.obj
c:\users\liu willy\desktop\hw3_408420010_408420074\debug\hw3_408420010_408420074.exe
c:\users\liu willy\desktop\hw3_408420010_408420074\debug\hw3_408420010_408420074.ilk
c:\users\liu willy\desktop\hw3_408420010_408420074\debug\hw3_408420010_408420074.pdb
c:\users\liu willy\desktop\hw3_408420010_408420074\hw3_408420010_408420074\debug\hw3408420010408420074.res
c:\users\liu willy\desktop\hw3_408420010_408420074\hw3_408420010_408420074\debug\computergraphic1408420010408420074.res
c:\users\liu willy\desktop\hw3_408420010_408420074\hw3_408420010_408420074\debug\hw3_4084.25c480cd.tlog\cl.command.1.tlog
c:\users\liu willy\desktop\hw3_408420010_408420074\hw3_408420010_408420074\debug\hw3_4084.25c480cd.tlog\cl.read.1.tlog
c:\users\liu willy\desktop\hw3_408420010_408420074\hw3_408420010_408420074\debug\hw3_4084.25c480cd.tlog\cl.write.1.tlog
c:\users\liu willy\desktop\hw3_408420010_408420074\hw3_408420010_408420074\debug\hw3_4084.25c480cd.tlog\link.command.1.tlog
c:\users\liu willy\desktop\hw3_408420010_408420074\hw3_408420010_408420074\debug\hw3_4084.25c480cd.tlog\link.read.1.tlog
c:\users\liu willy\desktop\hw3_408420010_408420074\hw3_408420010_408420074\debug\hw3_4084.25c480cd.tlog\link.write.1.tlog
c:\users\liu willy\desktop\hw3_408420010_408420074\hw3_408420010_408420074\debug\hw3_4084.25c480cd.tlog\rc.command.1.tlog
c:\users\liu willy\desktop\hw3_408420010_408420074\hw3_408420010_408420074\debug\hw3_4084.25c480cd.tlog\rc.read.1.tlog
c:\users\liu willy\desktop\hw3_408420010_408420074\hw3_408420010_408420074\debug\hw3_4084.25c480cd.tlog\rc.write.1.tlog
